2026-06-05T09:49:08.126+05:30  INFO 15020 --- [Module-4-Prod-Ready_features] [restartedMain] .S.M.Module4ProdReadyFeaturesApplication : Starting Module4ProdReadyFeaturesApplication using Java 23.0.2 with PID 15020 (D:\Coding-Shuttle-Springboot-Cohort-5.0\Module-4-Prod-Ready_features\target\classes started by DELL in D:\Coding-Shuttle-Springboot-Cohort-5.0\Module-4-Prod-Ready_features)
2026-06-05T09:49:08.131+05:30  INFO 15020 --- [Module-4-Prod-Ready_features] [restartedMain] .S.M.Module4ProdReadyFeaturesApplication : No active profile set, falling back to 1 default profile: "default"
2026-06-05T09:49:08.233+05:30  INFO 15020 --- [Module-4-Prod-Ready_features] [restartedMain] .e.DevToolsPropertyDefaultsPostProcessor : Devtools property defaults active! Set 'spring.devtools.add-properties' to 'false' to disable
2026-06-05T09:49:08.233+05:30  INFO 15020 --- [Module-4-Prod-Ready_features] [restartedMain] .e.DevToolsPropertyDefaultsPostProcessor : For additional web related logging consider setting the 'logging.level.web' property to 'DEBUG'
2026-06-05T09:49:09.370+05:30  INFO 15020 --- [Module-4-Prod-Ready_features] [restartedMain] .s.d.r.c.RepositoryConfigurationDelegate : Bootstrapping Spring Data JPA repositories in DEFAULT mode.
2026-06-05T09:49:09.445+05:30  INFO 15020 --- [Module-4-Prod-Ready_features] [restartedMain] .s.d.r.c.RepositoryConfigurationDelegate : Finished Spring Data repository scanning in 64 ms. Found 1 JPA repository interface.
2026-06-05T09:49:10.610+05:30  INFO 15020 --- [Module-4-Prod-Ready_features] [restartedMain] o.s.boot.tomcat.TomcatWebServer          : Tomcat initialized with port 8080 (http)
2026-06-05T09:49:10.636+05:30  INFO 15020 --- [Module-4-Prod-Ready_features] [restartedMain] o.apache.catalina.core.StandardService   : Starting service [Tomcat]
2026-06-05T09:49:10.638+05:30  INFO 15020 --- [Module-4-Prod-Ready_features] [restartedMain] o.apache.catalina.core.StandardEngine    : Starting Servlet engine: [Apache Tomcat/11.0.21]
2026-06-05T09:49:10.716+05:30  INFO 15020 --- [Module-4-Prod-Ready_features] [restartedMain] b.w.c.s.WebApplicationContextInitializer : Root WebApplicationContext: initialization completed in 2482 ms
2026-06-05T09:49:11.132+05:30  INFO 15020 --- [Module-4-Prod-Ready_features] [restartedMain] org.hibernate.orm.jpa                    : HHH008540: Processing PersistenceUnitInfo [name: default]
2026-06-05T09:49:11.246+05:30  INFO 15020 --- [Module-4-Prod-Ready_features] [restartedMain] org.hibernate.orm.core                   : HHH000001: Hibernate ORM core version 7.2.12.Final
2026-06-05T09:49:11.708+05:30  INFO 15020 --- [Module-4-Prod-Ready_features] [restartedMain] o.h.e.boot.internal.EnversServiceImpl    : Envers integration enabled? : true
2026-06-05T09:49:12.021+05:30  INFO 15020 --- [Module-4-Prod-Ready_features] [restartedMain] o.s.o.j.p.SpringPersistenceUnitInfo      : No LoadTimeWeaver setup: ignoring JPA class transformer
2026-06-05T09:49:12.074+05:30  INFO 15020 --- [Module-4-Prod-Ready_features] [restartedMain] com.zaxxer.hikari.HikariDataSource       : HikariPool-1 - Starting...
2026-06-05T09:49:12.373+05:30  INFO 15020 --- [Module-4-Prod-Ready_features] [restartedMain] com.zaxxer.hikari.pool.HikariPool        : HikariPool-1 - Added connection org.postgresql.jdbc.PgConnection@1b82d6fb
2026-06-05T09:49:12.375+05:30  INFO 15020 --- [Module-4-Prod-Ready_features] [restartedMain] com.zaxxer.hikari.HikariDataSource       : HikariPool-1 - Start completed.
2026-06-05T09:49:12.437+05:30  WARN 15020 --- [Module-4-Prod-Ready_features] [restartedMain] org.hibernate.orm.deprecation            : HHH90000025: PostgreSQLDialect does not need to be specified explicitly using 'hibernate.dialect' (remove the property setting and it will be selected by default)
2026-06-05T09:49:12.479+05:30  INFO 15020 --- [Module-4-Prod-Ready_features] [restartedMain] org.hibernate.orm.connections.pooling    : HHH10001005: Database info:
	Database JDBC URL [jdbc:postgresql://localhost:5432/prodreadyfeatures]
	Database driver: PostgreSQL JDBC Driver
	Database dialect: PostgreSQLDialect
	Database version: 18.1
	Default catalog/schema: prodreadyfeatures/public
	Autocommit mode: undefined/unknown
	Isolation level: READ_COMMITTED [default READ_COMMITTED]
	JDBC fetch size: none
	Pool: DataSourceConnectionProvider
	Minimum pool size: undefined/unknown
	Maximum pool size: undefined/unknown
2026-06-05T09:49:12.773+05:30  WARN 15020 --- [Module-4-Prod-Ready_features] [restartedMain] ConfigServletWebServerApplicationContext : Exception encountered during context initialization - cancelling refresh attempt: org.springframework.beans.factory.BeanCreationException: Error creating bean with name 'entityManagerFactory' defined in class path resource [org/springframework/boot/hibernate/autoconfigure/HibernateJpaConfiguration.class]: 'org.hibernate.annotations.common.reflection.ReflectionManager org.hibernate.boot.spi.BootstrapContext.getReflectionManager()'
2026-06-05T09:49:12.775+05:30  INFO 15020 --- [Module-4-Prod-Ready_features] [restartedMain] com.zaxxer.hikari.HikariDataSource       : HikariPool-1 - Shutdown initiated...
2026-06-05T09:49:12.906+05:30  INFO 15020 --- [Module-4-Prod-Ready_features] [restartedMain] com.zaxxer.hikari.HikariDataSource       : HikariPool-1 - Shutdown completed.
2026-06-05T09:49:12.911+05:30  INFO 15020 --- [Module-4-Prod-Ready_features] [restartedMain] o.apache.catalina.core.StandardService   : Stopping service [Tomcat]
2026-06-05T09:49:12.928+05:30  INFO 15020 --- [Module-4-Prod-Ready_features] [restartedMain] .s.b.a.l.ConditionEvaluationReportLogger : 

Error starting ApplicationContext. To display the condition evaluation report re-run your application with 'debug' enabled.
2026-06-05T09:49:12.949+05:30 ERROR 15020 --- [Module-4-Prod-Ready_features] [restartedMain] o.s.b.d.LoggingFailureAnalysisReporter   : 

***************************
APPLICATION FAILED TO START
***************************

Description:

An attempt was made to call a method that does not exist. The attempt was made from the following location:

    org.hibernate.envers.configuration.Configuration.<init>(Configuration.java:191)

The following method did not exist:

    'org.hibernate.annotations.common.reflection.ReflectionManager org.hibernate.boot.spi.BootstrapContext.getReflectionManager()'

The calling method's class, org.hibernate.envers.configuration.Configuration, was loaded from the following location:

    jar:file:/C:/Users/DELL/.m2/repository/org/hibernate/orm/hibernate-envers/6.5.2.Final/hibernate-envers-6.5.2.Final.jar!/org/hibernate/envers/configuration/Configuration.class

The called method's class, org.hibernate.boot.spi.BootstrapContext, is available from the following locations:

    jar:file:/C:/Users/DELL/.m2/repository/org/hibernate/orm/hibernate-core/7.2.12.Final/hibernate-core-7.2.12.Final.jar!/org/hibernate/boot/spi/BootstrapContext.class

The called method's class hierarchy was loaded from the following locations:

    org.hibernate.boot.spi.BootstrapContext: file:/C:/Users/DELL/.m2/repository/org/hibernate/orm/hibernate-core/7.2.12.Final/hibernate-core-7.2.12.Final.jar


Action:

Correct the classpath of your application so that it contains compatible versions of the classes org.hibernate.envers.configuration.Configuration and org.hibernate.boot.spi.BootstrapContext

2026-06-05T09:49:44.079+05:30  INFO 27768 --- [Module-4-Prod-Ready_features] [restartedMain] .S.M.Module4ProdReadyFeaturesApplication : Starting Module4ProdReadyFeaturesApplication using Java 23.0.2 with PID 27768 (D:\Coding-Shuttle-Springboot-Cohort-5.0\Module-4-Prod-Ready_features\target\classes started by DELL in D:\Coding-Shuttle-Springboot-Cohort-5.0\Module-4-Prod-Ready_features)
2026-06-05T09:49:44.085+05:30  INFO 27768 --- [Module-4-Prod-Ready_features] [restartedMain] .S.M.Module4ProdReadyFeaturesApplication : No active profile set, falling back to 1 default profile: "default"
2026-06-05T09:49:44.171+05:30  INFO 27768 --- [Module-4-Prod-Ready_features] [restartedMain] .e.DevToolsPropertyDefaultsPostProcessor : Devtools property defaults active! Set 'spring.devtools.add-properties' to 'false' to disable
2026-06-05T09:49:44.171+05:30  INFO 27768 --- [Module-4-Prod-Ready_features] [restartedMain] .e.DevToolsPropertyDefaultsPostProcessor : For additional web related logging consider setting the 'logging.level.web' property to 'DEBUG'
2026-06-05T09:49:45.153+05:30  INFO 27768 --- [Module-4-Prod-Ready_features] [restartedMain] .s.d.r.c.RepositoryConfigurationDelegate : Bootstrapping Spring Data JPA repositories in DEFAULT mode.
2026-06-05T09:49:45.215+05:30  INFO 27768 --- [Module-4-Prod-Ready_features] [restartedMain] .s.d.r.c.RepositoryConfigurationDelegate : Finished Spring Data repository scanning in 53 ms. Found 1 JPA repository interface.
2026-06-05T09:49:46.219+05:30  INFO 27768 --- [Module-4-Prod-Ready_features] [restartedMain] o.s.boot.tomcat.TomcatWebServer          : Tomcat initialized with port 8080 (http)
2026-06-05T09:49:46.239+05:30  INFO 27768 --- [Module-4-Prod-Ready_features] [restartedMain] o.apache.catalina.core.StandardService   : Starting service [Tomcat]
2026-06-05T09:49:46.239+05:30  INFO 27768 --- [Module-4-Prod-Ready_features] [restartedMain] o.apache.catalina.core.StandardEngine    : Starting Servlet engine: [Apache Tomcat/11.0.21]
2026-06-05T09:49:46.307+05:30  INFO 27768 --- [Module-4-Prod-Ready_features] [restartedMain] b.w.c.s.WebApplicationContextInitializer : Root WebApplicationContext: initialization completed in 2135 ms
2026-06-05T09:49:46.671+05:30  INFO 27768 --- [Module-4-Prod-Ready_features] [restartedMain] org.hibernate.orm.jpa                    : HHH008540: Processing PersistenceUnitInfo [name: default]
2026-06-05T09:49:46.752+05:30  INFO 27768 --- [Module-4-Prod-Ready_features] [restartedMain] org.hibernate.orm.core                   : HHH000001: Hibernate ORM core version 7.2.12.Final
2026-06-05T09:49:47.142+05:30  INFO 27768 --- [Module-4-Prod-Ready_features] [restartedMain] o.h.e.boot.internal.EnversServiceImpl    : Envers integration enabled? : true
2026-06-05T09:49:47.383+05:30  INFO 27768 --- [Module-4-Prod-Ready_features] [restartedMain] o.s.o.j.p.SpringPersistenceUnitInfo      : No LoadTimeWeaver setup: ignoring JPA class transformer
2026-06-05T09:49:47.419+05:30  INFO 27768 --- [Module-4-Prod-Ready_features] [restartedMain] com.zaxxer.hikari.HikariDataSource       : HikariPool-1 - Starting...
2026-06-05T09:49:47.636+05:30  INFO 27768 --- [Module-4-Prod-Ready_features] [restartedMain] com.zaxxer.hikari.pool.HikariPool        : HikariPool-1 - Added connection org.postgresql.jdbc.PgConnection@26c23190
2026-06-05T09:49:47.637+05:30  INFO 27768 --- [Module-4-Prod-Ready_features] [restartedMain] com.zaxxer.hikari.HikariDataSource       : HikariPool-1 - Start completed.
2026-06-05T09:49:47.678+05:30  WARN 27768 --- [Module-4-Prod-Ready_features] [restartedMain] org.hibernate.orm.deprecation            : HHH90000025: PostgreSQLDialect does not need to be specified explicitly using 'hibernate.dialect' (remove the property setting and it will be selected by default)
2026-06-05T09:49:47.721+05:30  INFO 27768 --- [Module-4-Prod-Ready_features] [restartedMain] org.hibernate.orm.connections.pooling    : HHH10001005: Database info:
	Database JDBC URL [jdbc:postgresql://localhost:5432/prodreadyfeatures]
	Database driver: PostgreSQL JDBC Driver
	Database dialect: PostgreSQLDialect
	Database version: 18.1
	Default catalog/schema: prodreadyfeatures/public
	Autocommit mode: undefined/unknown
	Isolation level: READ_COMMITTED [default READ_COMMITTED]
	JDBC fetch size: none
	Pool: DataSourceConnectionProvider
	Minimum pool size: undefined/unknown
	Maximum pool size: undefined/unknown
2026-06-05T09:49:47.972+05:30  WARN 27768 --- [Module-4-Prod-Ready_features] [restartedMain] ConfigServletWebServerApplicationContext : Exception encountered during context initialization - cancelling refresh attempt: org.springframework.beans.factory.BeanCreationException: Error creating bean with name 'entityManagerFactory' defined in class path resource [org/springframework/boot/hibernate/autoconfigure/HibernateJpaConfiguration.class]: 'org.hibernate.annotations.common.reflection.ReflectionManager org.hibernate.boot.spi.BootstrapContext.getReflectionManager()'
2026-06-05T09:49:47.974+05:30  INFO 27768 --- [Module-4-Prod-Ready_features] [restartedMain] com.zaxxer.hikari.HikariDataSource       : HikariPool-1 - Shutdown initiated...
2026-06-05T09:49:48.064+05:30  INFO 27768 --- [Module-4-Prod-Ready_features] [restartedMain] com.zaxxer.hikari.HikariDataSource       : HikariPool-1 - Shutdown completed.
2026-06-05T09:49:48.069+05:30  INFO 27768 --- [Module-4-Prod-Ready_features] [restartedMain] o.apache.catalina.core.StandardService   : Stopping service [Tomcat]
2026-06-05T09:49:48.080+05:30  INFO 27768 --- [Module-4-Prod-Ready_features] [restartedMain] .s.b.a.l.ConditionEvaluationReportLogger : 

Error starting ApplicationContext. To display the condition evaluation report re-run your application with 'debug' enabled.
2026-06-05T09:49:48.101+05:30 ERROR 27768 --- [Module-4-Prod-Ready_features] [restartedMain] o.s.b.d.LoggingFailureAnalysisReporter   : 

***************************
APPLICATION FAILED TO START
***************************

Description:

An attempt was made to call a method that does not exist. The attempt was made from the following location:

    org.hibernate.envers.configuration.Configuration.<init>(Configuration.java:191)

The following method did not exist:

    'org.hibernate.annotations.common.reflection.ReflectionManager org.hibernate.boot.spi.BootstrapContext.getReflectionManager()'

The calling method's class, org.hibernate.envers.configuration.Configuration, was loaded from the following location:

    jar:file:/C:/Users/DELL/.m2/repository/org/hibernate/orm/hibernate-envers/6.5.2.Final/hibernate-envers-6.5.2.Final.jar!/org/hibernate/envers/configuration/Configuration.class

The called method's class, org.hibernate.boot.spi.BootstrapContext, is available from the following locations:

    jar:file:/C:/Users/DELL/.m2/repository/org/hibernate/orm/hibernate-core/7.2.12.Final/hibernate-core-7.2.12.Final.jar!/org/hibernate/boot/spi/BootstrapContext.class

The called method's class hierarchy was loaded from the following locations:

    org.hibernate.boot.spi.BootstrapContext: file:/C:/Users/DELL/.m2/repository/org/hibernate/orm/hibernate-core/7.2.12.Final/hibernate-core-7.2.12.Final.jar


Action:

Correct the classpath of your application so that it contains compatible versions of the classes org.hibernate.envers.configuration.Configuration and org.hibernate.boot.spi.BootstrapContext

2026-06-05T09:50:57.164+05:30  INFO 10312 --- [Module-4-Prod-Ready_features] [restartedMain] .S.M.Module4ProdReadyFeaturesApplication : Starting Module4ProdReadyFeaturesApplication using Java 23.0.2 with PID 10312 (D:\Coding-Shuttle-Springboot-Cohort-5.0\Module-4-Prod-Ready_features\target\classes started by DELL in D:\Coding-Shuttle-Springboot-Cohort-5.0\Module-4-Prod-Ready_features)
2026-06-05T09:50:57.169+05:30  INFO 10312 --- [Module-4-Prod-Ready_features] [restartedMain] .S.M.Module4ProdReadyFeaturesApplication : No active profile set, falling back to 1 default profile: "default"
2026-06-05T09:50:57.266+05:30  INFO 10312 --- [Module-4-Prod-Ready_features] [restartedMain] .e.DevToolsPropertyDefaultsPostProcessor : Devtools property defaults active! Set 'spring.devtools.add-properties' to 'false' to disable
2026-06-05T09:50:57.266+05:30  INFO 10312 --- [Module-4-Prod-Ready_features] [restartedMain] .e.DevToolsPropertyDefaultsPostProcessor : For additional web related logging consider setting the 'logging.level.web' property to 'DEBUG'
2026-06-05T09:50:58.385+05:30  INFO 10312 --- [Module-4-Prod-Ready_features] [restartedMain] .s.d.r.c.RepositoryConfigurationDelegate : Bootstrapping Spring Data JPA repositories in DEFAULT mode.
2026-06-05T09:50:58.447+05:30  INFO 10312 --- [Module-4-Prod-Ready_features] [restartedMain] .s.d.r.c.RepositoryConfigurationDelegate : Finished Spring Data repository scanning in 52 ms. Found 1 JPA repository interface.
2026-06-05T09:50:59.586+05:30  INFO 10312 --- [Module-4-Prod-Ready_features] [restartedMain] o.s.boot.tomcat.TomcatWebServer          : Tomcat initialized with port 8080 (http)
2026-06-05T09:50:59.608+05:30  INFO 10312 --- [Module-4-Prod-Ready_features] [restartedMain] o.apache.catalina.core.StandardService   : Starting service [Tomcat]
2026-06-05T09:50:59.609+05:30  INFO 10312 --- [Module-4-Prod-Ready_features] [restartedMain] o.apache.catalina.core.StandardEngine    : Starting Servlet engine: [Apache Tomcat/11.0.21]
2026-06-05T09:50:59.692+05:30  INFO 10312 --- [Module-4-Prod-Ready_features] [restartedMain] b.w.c.s.WebApplicationContextInitializer : Root WebApplicationContext: initialization completed in 2425 ms
2026-06-05T09:51:00.159+05:30  INFO 10312 --- [Module-4-Prod-Ready_features] [restartedMain] org.hibernate.orm.jpa                    : HHH008540: Processing PersistenceUnitInfo [name: default]
2026-06-05T09:51:00.302+05:30  INFO 10312 --- [Module-4-Prod-Ready_features] [restartedMain] org.hibernate.orm.core                   : HHH000001: Hibernate ORM core version 7.2.12.Final
2026-06-05T09:51:00.789+05:30  INFO 10312 --- [Module-4-Prod-Ready_features] [restartedMain] o.h.e.boot.internal.EnversServiceImpl    : Envers integration enabled? : true
2026-06-05T09:51:01.075+05:30  INFO 10312 --- [Module-4-Prod-Ready_features] [restartedMain] o.s.o.j.p.SpringPersistenceUnitInfo      : No LoadTimeWeaver setup: ignoring JPA class transformer
2026-06-05T09:51:01.133+05:30  INFO 10312 --- [Module-4-Prod-Ready_features] [restartedMain] com.zaxxer.hikari.HikariDataSource       : HikariPool-1 - Starting...
2026-06-05T09:51:01.401+05:30  INFO 10312 --- [Module-4-Prod-Ready_features] [restartedMain] com.zaxxer.hikari.pool.HikariPool        : HikariPool-1 - Added connection org.postgresql.jdbc.PgConnection@33a2168e
2026-06-05T09:51:01.403+05:30  INFO 10312 --- [Module-4-Prod-Ready_features] [restartedMain] com.zaxxer.hikari.HikariDataSource       : HikariPool-1 - Start completed.
2026-06-05T09:51:01.448+05:30  WARN 10312 --- [Module-4-Prod-Ready_features] [restartedMain] org.hibernate.orm.deprecation            : HHH90000025: PostgreSQLDialect does not need to be specified explicitly using 'hibernate.dialect' (remove the property setting and it will be selected by default)
2026-06-05T09:51:01.484+05:30  INFO 10312 --- [Module-4-Prod-Ready_features] [restartedMain] org.hibernate.orm.connections.pooling    : HHH10001005: Database info:
	Database JDBC URL [jdbc:postgresql://localhost:5432/prodreadyfeatures]
	Database driver: PostgreSQL JDBC Driver
	Database dialect: PostgreSQLDialect
	Database version: 18.1
	Default catalog/schema: prodreadyfeatures/public
	Autocommit mode: undefined/unknown
	Isolation level: READ_COMMITTED [default READ_COMMITTED]
	JDBC fetch size: none
	Pool: DataSourceConnectionProvider
	Minimum pool size: undefined/unknown
	Maximum pool size: undefined/unknown
2026-06-05T09:51:01.850+05:30  INFO 10312 --- [Module-4-Prod-Ready_features] [restartedMain] o.h.e.c.i.m.AuditMetadataGenerator       : Adding properties for entity: com.Soham.Module_4_Prod_Ready_features.Entities.PostEntity
2026-06-05T09:51:03.222+05:30  INFO 10312 --- [Module-4-Prod-Ready_features] [restartedMain] org.hibernate.orm.core                   : HHH000489: No JTA platform available (set 'hibernate.transaction.jta.platform' to enable JTA platform integration)
2026-06-05T09:51:03.501+05:30  INFO 10312 --- [Module-4-Prod-Ready_features] [restartedMain] j.LocalContainerEntityManagerFactoryBean : Initialized JPA EntityManagerFactory for persistence unit 'default'
2026-06-05T09:51:03.664+05:30  INFO 10312 --- [Module-4-Prod-Ready_features] [restartedMain] o.s.d.j.r.query.QueryEnhancerFactories   : Hibernate is in classpath; If applicable, HQL parser will be used.
2026-06-05T09:51:03.950+05:30  WARN 10312 --- [Module-4-Prod-Ready_features] [restartedMain] JpaBaseConfiguration$JpaWebConfiguration : spring.jpa.open-in-view is enabled by default. Therefore, database queries may be performed during view rendering. Explicitly configure spring.jpa.open-in-view to disable this warning
2026-06-05T09:51:04.762+05:30  INFO 10312 --- [Module-4-Prod-Ready_features] [restartedMain] o.s.b.a.e.web.EndpointLinksResolver      : Exposing 1 endpoint beneath base path '/actuator'
2026-06-05T09:51:04.914+05:30  INFO 10312 --- [Module-4-Prod-Ready_features] [restartedMain] o.s.boot.tomcat.TomcatWebServer          : Tomcat started on port 8080 (http) with context path '/'
2026-06-05T09:51:04.927+05:30  INFO 10312 --- [Module-4-Prod-Ready_features] [restartedMain] .S.M.Module4ProdReadyFeaturesApplication : Started Module4ProdReadyFeaturesApplication in 8.44 seconds (process running for 9.263)
2026-06-05T09:51:40.679+05:30  INFO 10312 --- [Module-4-Prod-Ready_features] [http-nio-8080-exec-1] o.a.c.c.C.[Tomcat].[localhost].[/]       : Initializing Spring DispatcherServlet 'dispatcherServlet'
2026-06-05T09:51:40.680+05:30  INFO 10312 --- [Module-4-Prod-Ready_features] [http-nio-8080-exec-1] o.s.web.servlet.DispatcherServlet        : Initializing Servlet 'dispatcherServlet'
2026-06-05T09:51:40.682+05:30  INFO 10312 --- [Module-4-Prod-Ready_features] [http-nio-8080-exec-1] o.s.web.servlet.DispatcherServlet        : Completed initialization in 2 ms
2026-06-05T09:53:58.864+05:30  INFO 10312 --- [Module-4-Prod-Ready_features] [SpringApplicationShutdownHook] o.s.boot.tomcat.GracefulShutdown         : Commencing graceful shutdown. Waiting for active requests to complete
2026-06-05T09:53:58.872+05:30  INFO 10312 --- [Module-4-Prod-Ready_features] [tomcat-shutdown] o.s.boot.tomcat.GracefulShutdown         : Graceful shutdown complete
2026-06-05T09:53:58.878+05:30  INFO 10312 --- [Module-4-Prod-Ready_features] [SpringApplicationShutdownHook] j.LocalContainerEntityManagerFactoryBean : Closing JPA EntityManagerFactory for persistence unit 'default'
2026-06-05T09:53:58.884+05:30  INFO 10312 --- [Module-4-Prod-Ready_features] [SpringApplicationShutdownHook] com.zaxxer.hikari.HikariDataSource       : HikariPool-1 - Shutdown initiated...
2026-06-05T09:53:58.890+05:30  INFO 10312 --- [Module-4-Prod-Ready_features] [SpringApplicationShutdownHook] com.zaxxer.hikari.HikariDataSource       : HikariPool-1 - Shutdown completed.
2026-06-05T09:54:01.807+05:30  INFO 15168 --- [Module-4-Prod-Ready_features] [restartedMain] .S.M.Module4ProdReadyFeaturesApplication : Starting Module4ProdReadyFeaturesApplication using Java 23.0.2 with PID 15168 (D:\Coding-Shuttle-Springboot-Cohort-5.0\Module-4-Prod-Ready_features\target\classes started by DELL in D:\Coding-Shuttle-Springboot-Cohort-5.0\Module-4-Prod-Ready_features)
2026-06-05T09:54:01.813+05:30  INFO 15168 --- [Module-4-Prod-Ready_features] [restartedMain] .S.M.Module4ProdReadyFeaturesApplication : No active profile set, falling back to 1 default profile: "default"
2026-06-05T09:54:01.932+05:30  INFO 15168 --- [Module-4-Prod-Ready_features] [restartedMain] .e.DevToolsPropertyDefaultsPostProcessor : Devtools property defaults active! Set 'spring.devtools.add-properties' to 'false' to disable
2026-06-05T09:54:01.932+05:30  INFO 15168 --- [Module-4-Prod-Ready_features] [restartedMain] .e.DevToolsPropertyDefaultsPostProcessor : For additional web related logging consider setting the 'logging.level.web' property to 'DEBUG'
2026-06-05T09:54:03.289+05:30  INFO 15168 --- [Module-4-Prod-Ready_features] [restartedMain] .s.d.r.c.RepositoryConfigurationDelegate : Bootstrapping Spring Data JPA repositories in DEFAULT mode.
2026-06-05T09:54:03.363+05:30  INFO 15168 --- [Module-4-Prod-Ready_features] [restartedMain] .s.d.r.c.RepositoryConfigurationDelegate : Finished Spring Data repository scanning in 61 ms. Found 1 JPA repository interface.
2026-06-05T09:54:04.670+05:30  INFO 15168 --- [Module-4-Prod-Ready_features] [restartedMain] o.s.boot.tomcat.TomcatWebServer          : Tomcat initialized with port 8080 (http)
2026-06-05T09:54:04.692+05:30  INFO 15168 --- [Module-4-Prod-Ready_features] [restartedMain] o.apache.catalina.core.StandardService   : Starting service [Tomcat]
2026-06-05T09:54:04.693+05:30  INFO 15168 --- [Module-4-Prod-Ready_features] [restartedMain] o.apache.catalina.core.StandardEngine    : Starting Servlet engine: [Apache Tomcat/11.0.21]
2026-06-05T09:54:04.758+05:30  INFO 15168 --- [Module-4-Prod-Ready_features] [restartedMain] b.w.c.s.WebApplicationContextInitializer : Root WebApplicationContext: initialization completed in 2824 ms
2026-06-05T09:54:05.260+05:30  INFO 15168 --- [Module-4-Prod-Ready_features] [restartedMain] org.hibernate.orm.jpa                    : HHH008540: Processing PersistenceUnitInfo [name: default]
2026-06-05T09:54:05.377+05:30  INFO 15168 --- [Module-4-Prod-Ready_features] [restartedMain] org.hibernate.orm.core                   : HHH000001: Hibernate ORM core version 7.2.12.Final
2026-06-05T09:54:05.907+05:30  INFO 15168 --- [Module-4-Prod-Ready_features] [restartedMain] o.h.e.boot.internal.EnversServiceImpl    : Envers integration enabled? : true
2026-06-05T09:54:06.200+05:30  INFO 15168 --- [Module-4-Prod-Ready_features] [restartedMain] o.s.o.j.p.SpringPersistenceUnitInfo      : No LoadTimeWeaver setup: ignoring JPA class transformer
2026-06-05T09:54:06.244+05:30  INFO 15168 --- [Module-4-Prod-Ready_features] [restartedMain] com.zaxxer.hikari.HikariDataSource       : HikariPool-1 - Starting...
2026-06-05T09:54:06.516+05:30  INFO 15168 --- [Module-4-Prod-Ready_features] [restartedMain] com.zaxxer.hikari.pool.HikariPool        : HikariPool-1 - Added connection org.postgresql.jdbc.PgConnection@66887a13
2026-06-05T09:54:06.517+05:30  INFO 15168 --- [Module-4-Prod-Ready_features] [restartedMain] com.zaxxer.hikari.HikariDataSource       : HikariPool-1 - Start completed.
2026-06-05T09:54:06.573+05:30  WARN 15168 --- [Module-4-Prod-Ready_features] [restartedMain] org.hibernate.orm.deprecation            : HHH90000025: PostgreSQLDialect does not need to be specified explicitly using 'hibernate.dialect' (remove the property setting and it will be selected by default)
2026-06-05T09:54:06.609+05:30  INFO 15168 --- [Module-4-Prod-Ready_features] [restartedMain] org.hibernate.orm.connections.pooling    : HHH10001005: Database info:
	Database JDBC URL [jdbc:postgresql://localhost:5432/prodreadyfeatures]
	Database driver: PostgreSQL JDBC Driver
	Database dialect: PostgreSQLDialect
	Database version: 18.1
	Default catalog/schema: prodreadyfeatures/public
	Autocommit mode: undefined/unknown
	Isolation level: READ_COMMITTED [default READ_COMMITTED]
	JDBC fetch size: none
	Pool: DataSourceConnectionProvider
	Minimum pool size: undefined/unknown
	Maximum pool size: undefined/unknown
2026-06-05T09:54:06.939+05:30  INFO 15168 --- [Module-4-Prod-Ready_features] [restartedMain] o.h.e.c.i.m.AuditMetadataGenerator       : Adding properties for entity: com.Soham.Module_4_Prod_Ready_features.Entities.PostEntity
2026-06-05T09:54:07.982+05:30  INFO 15168 --- [Module-4-Prod-Ready_features] [restartedMain] org.hibernate.orm.core                   : HHH000489: No JTA platform available (set 'hibernate.transaction.jta.platform' to enable JTA platform integration)
2026-06-05T09:54:08.120+05:30  INFO 15168 --- [Module-4-Prod-Ready_features] [restartedMain] j.LocalContainerEntityManagerFactoryBean : Initialized JPA EntityManagerFactory for persistence unit 'default'
2026-06-05T09:54:08.245+05:30  INFO 15168 --- [Module-4-Prod-Ready_features] [restartedMain] o.s.d.j.r.query.QueryEnhancerFactories   : Hibernate is in classpath; If applicable, HQL parser will be used.
2026-06-05T09:54:08.511+05:30  WARN 15168 --- [Module-4-Prod-Ready_features] [restartedMain] JpaBaseConfiguration$JpaWebConfiguration : spring.jpa.open-in-view is enabled by default. Therefore, database queries may be performed during view rendering. Explicitly configure spring.jpa.open-in-view to disable this warning
2026-06-05T09:54:09.324+05:30  INFO 15168 --- [Module-4-Prod-Ready_features] [restartedMain] o.s.b.a.e.web.EndpointLinksResolver      : Exposing 13 endpoints beneath base path '/actuator'
2026-06-05T09:54:09.456+05:30  INFO 15168 --- [Module-4-Prod-Ready_features] [restartedMain] o.s.boot.tomcat.TomcatWebServer          : Tomcat started on port 8080 (http) with context path '/'
2026-06-05T09:54:09.469+05:30  INFO 15168 --- [Module-4-Prod-Ready_features] [restartedMain] .S.M.Module4ProdReadyFeaturesApplication : Started Module4ProdReadyFeaturesApplication in 8.435 seconds (process running for 9.331)
2026-06-05T09:54:14.601+05:30  INFO 15168 --- [Module-4-Prod-Ready_features] [http-nio-8080-exec-1] o.a.c.c.C.[Tomcat].[localhost].[/]       : Initializing Spring DispatcherServlet 'dispatcherServlet'
2026-06-05T09:54:14.602+05:30  INFO 15168 --- [Module-4-Prod-Ready_features] [http-nio-8080-exec-1] o.s.web.servlet.DispatcherServlet        : Initializing Servlet 'dispatcherServlet'
2026-06-05T09:54:14.605+05:30  INFO 15168 --- [Module-4-Prod-Ready_features] [http-nio-8080-exec-1] o.s.web.servlet.DispatcherServlet        : Completed initialization in 3 ms
2026-06-05T10:01:58.955+05:30  INFO 15168 --- [Module-4-Prod-Ready_features] [SpringApplicationShutdownHook] o.s.boot.tomcat.GracefulShutdown         : Commencing graceful shutdown. Waiting for active requests to complete
2026-06-05T10:01:58.966+05:30  INFO 15168 --- [Module-4-Prod-Ready_features] [tomcat-shutdown] o.s.boot.tomcat.GracefulShutdown         : Graceful shutdown complete
2026-06-05T10:01:58.980+05:30  INFO 15168 --- [Module-4-Prod-Ready_features] [SpringApplicationShutdownHook] j.LocalContainerEntityManagerFactoryBean : Closing JPA EntityManagerFactory for persistence unit 'default'
2026-06-05T10:01:58.987+05:30  INFO 15168 --- [Module-4-Prod-Ready_features] [SpringApplicationShutdownHook] com.zaxxer.hikari.HikariDataSource       : HikariPool-1 - Shutdown initiated...
2026-06-05T10:01:58.996+05:30  INFO 15168 --- [Module-4-Prod-Ready_features] [SpringApplicationShutdownHook] com.zaxxer.hikari.HikariDataSource       : HikariPool-1 - Shutdown completed.
2026-06-05T10:02:02.178+05:30  INFO 22460 --- [Module-4-Prod-Ready_features] [restartedMain] .S.M.Module4ProdReadyFeaturesApplication : Starting Module4ProdReadyFeaturesApplication using Java 23.0.2 with PID 22460 (D:\Coding-Shuttle-Springboot-Cohort-5.0\Module-4-Prod-Ready_features\target\classes started by DELL in D:\Coding-Shuttle-Springboot-Cohort-5.0\Module-4-Prod-Ready_features)
2026-06-05T10:02:02.185+05:30  INFO 22460 --- [Module-4-Prod-Ready_features] [restartedMain] .S.M.Module4ProdReadyFeaturesApplication : No active profile set, falling back to 1 default profile: "default"
2026-06-05T10:02:02.351+05:30  INFO 22460 --- [Module-4-Prod-Ready_features] [restartedMain] .e.DevToolsPropertyDefaultsPostProcessor : Devtools property defaults active! Set 'spring.devtools.add-properties' to 'false' to disable
2026-06-05T10:02:02.351+05:30  INFO 22460 --- [Module-4-Prod-Ready_features] [restartedMain] .e.DevToolsPropertyDefaultsPostProcessor : For additional web related logging consider setting the 'logging.level.web' property to 'DEBUG'
2026-06-05T10:02:03.849+05:30  INFO 22460 --- [Module-4-Prod-Ready_features] [restartedMain] .s.d.r.c.RepositoryConfigurationDelegate : Bootstrapping Spring Data JPA repositories in DEFAULT mode.
2026-06-05T10:02:03.930+05:30  INFO 22460 --- [Module-4-Prod-Ready_features] [restartedMain] .s.d.r.c.RepositoryConfigurationDelegate : Finished Spring Data repository scanning in 70 ms. Found 1 JPA repository interface.
2026-06-05T10:02:05.412+05:30  INFO 22460 --- [Module-4-Prod-Ready_features] [restartedMain] o.s.boot.tomcat.TomcatWebServer          : Tomcat initialized with port 8080 (http)
2026-06-05T10:02:05.441+05:30  INFO 22460 --- [Module-4-Prod-Ready_features] [restartedMain] o.apache.catalina.core.StandardService   : Starting service [Tomcat]
2026-06-05T10:02:05.442+05:30  INFO 22460 --- [Module-4-Prod-Ready_features] [restartedMain] o.apache.catalina.core.StandardEngine    : Starting Servlet engine: [Apache Tomcat/11.0.21]
2026-06-05T10:02:05.534+05:30  INFO 22460 --- [Module-4-Prod-Ready_features] [restartedMain] b.w.c.s.WebApplicationContextInitializer : Root WebApplicationContext: initialization completed in 3182 ms
2026-06-05T10:02:06.267+05:30  INFO 22460 --- [Module-4-Prod-Ready_features] [restartedMain] org.hibernate.orm.jpa                    : HHH008540: Processing PersistenceUnitInfo [name: default]
2026-06-05T10:02:06.401+05:30  INFO 22460 --- [Module-4-Prod-Ready_features] [restartedMain] org.hibernate.orm.core                   : HHH000001: Hibernate ORM core version 7.2.12.Final
2026-06-05T10:02:07.010+05:30  INFO 22460 --- [Module-4-Prod-Ready_features] [restartedMain] o.h.e.boot.internal.EnversServiceImpl    : Envers integration enabled? : true
2026-06-05T10:02:07.350+05:30  INFO 22460 --- [Module-4-Prod-Ready_features] [restartedMain] o.s.o.j.p.SpringPersistenceUnitInfo      : No LoadTimeWeaver setup: ignoring JPA class transformer
2026-06-05T10:02:07.425+05:30  INFO 22460 --- [Module-4-Prod-Ready_features] [restartedMain] com.zaxxer.hikari.HikariDataSource       : HikariPool-1 - Starting...
2026-06-05T10:02:07.744+05:30  INFO 22460 --- [Module-4-Prod-Ready_features] [restartedMain] com.zaxxer.hikari.pool.HikariPool        : HikariPool-1 - Added connection org.postgresql.jdbc.PgConnection@79ac7deb
2026-06-05T10:02:07.747+05:30  INFO 22460 --- [Module-4-Prod-Ready_features] [restartedMain] com.zaxxer.hikari.HikariDataSource       : HikariPool-1 - Start completed.
2026-06-05T10:02:07.824+05:30  WARN 22460 --- [Module-4-Prod-Ready_features] [restartedMain] org.hibernate.orm.deprecation            : HHH90000025: PostgreSQLDialect does not need to be specified explicitly using 'hibernate.dialect' (remove the property setting and it will be selected by default)
2026-06-05T10:02:07.882+05:30  INFO 22460 --- [Module-4-Prod-Ready_features] [restartedMain] org.hibernate.orm.connections.pooling    : HHH10001005: Database info:
	Database JDBC URL [jdbc:postgresql://localhost:5432/prodreadyfeatures]
	Database driver: PostgreSQL JDBC Driver
	Database dialect: PostgreSQLDialect
	Database version: 18.1
	Default catalog/schema: prodreadyfeatures/public
	Autocommit mode: undefined/unknown
	Isolation level: READ_COMMITTED [default READ_COMMITTED]
	JDBC fetch size: none
	Pool: DataSourceConnectionProvider
	Minimum pool size: undefined/unknown
	Maximum pool size: undefined/unknown
2026-06-05T10:02:08.275+05:30  INFO 22460 --- [Module-4-Prod-Ready_features] [restartedMain] o.h.e.c.i.m.AuditMetadataGenerator       : Adding properties for entity: com.Soham.Module_4_Prod_Ready_features.Entities.PostEntity
2026-06-05T10:02:09.548+05:30  INFO 22460 --- [Module-4-Prod-Ready_features] [restartedMain] org.hibernate.orm.core                   : HHH000489: No JTA platform available (set 'hibernate.transaction.jta.platform' to enable JTA platform integration)
2026-06-05T10:02:09.673+05:30  INFO 22460 --- [Module-4-Prod-Ready_features] [restartedMain] j.LocalContainerEntityManagerFactoryBean : Initialized JPA EntityManagerFactory for persistence unit 'default'
2026-06-05T10:02:09.818+05:30  INFO 22460 --- [Module-4-Prod-Ready_features] [restartedMain] o.s.d.j.r.query.QueryEnhancerFactories   : Hibernate is in classpath; If applicable, HQL parser will be used.
2026-06-05T10:02:10.091+05:30  WARN 22460 --- [Module-4-Prod-Ready_features] [restartedMain] JpaBaseConfiguration$JpaWebConfiguration : spring.jpa.open-in-view is enabled by default. Therefore, database queries may be performed during view rendering. Explicitly configure spring.jpa.open-in-view to disable this warning
2026-06-05T10:02:11.037+05:30  INFO 22460 --- [Module-4-Prod-Ready_features] [restartedMain] o.s.b.a.e.web.EndpointLinksResolver      : Exposing 13 endpoints beneath base path '/actuator'
2026-06-05T10:02:11.212+05:30  INFO 22460 --- [Module-4-Prod-Ready_features] [restartedMain] o.s.boot.tomcat.TomcatWebServer          : Tomcat started on port 8080 (http) with context path '/'
2026-06-05T10:02:11.225+05:30  INFO 22460 --- [Module-4-Prod-Ready_features] [restartedMain] .S.M.Module4ProdReadyFeaturesApplication : Started Module4ProdReadyFeaturesApplication in 9.834 seconds (process running for 10.733)
2026-06-05T10:02:14.537+05:30  INFO 22460 --- [Module-4-Prod-Ready_features] [http-nio-8080-exec-2] o.a.c.c.C.[Tomcat].[localhost].[/]       : Initializing Spring DispatcherServlet 'dispatcherServlet'
2026-06-05T10:02:14.538+05:30  INFO 22460 --- [Module-4-Prod-Ready_features] [http-nio-8080-exec-2] o.s.web.servlet.DispatcherServlet        : Initializing Servlet 'dispatcherServlet'
2026-06-05T10:02:14.541+05:30  INFO 22460 --- [Module-4-Prod-Ready_features] [http-nio-8080-exec-2] o.s.web.servlet.DispatcherServlet        : Completed initialization in 3 ms
2026-06-05T10:22:57.457+05:30  INFO 22460 --- [Module-4-Prod-Ready_features] [SpringApplicationShutdownHook] o.s.boot.tomcat.GracefulShutdown         : Commencing graceful shutdown. Waiting for active requests to complete
2026-06-05T10:22:57.501+05:30  INFO 22460 --- [Module-4-Prod-Ready_features] [tomcat-shutdown] o.s.boot.tomcat.GracefulShutdown         : Graceful shutdown complete
2026-06-05T10:22:57.533+05:30  INFO 22460 --- [Module-4-Prod-Ready_features] [SpringApplicationShutdownHook] j.LocalContainerEntityManagerFactoryBean : Closing JPA EntityManagerFactory for persistence unit 'default'
2026-06-05T10:22:57.589+05:30  INFO 22460 --- [Module-4-Prod-Ready_features] [SpringApplicationShutdownHook] com.zaxxer.hikari.HikariDataSource       : HikariPool-1 - Shutdown initiated...
2026-06-05T10:22:57.605+05:30  INFO 22460 --- [Module-4-Prod-Ready_features] [SpringApplicationShutdownHook] com.zaxxer.hikari.HikariDataSource       : HikariPool-1 - Shutdown completed.
2026-06-05T10:23:05.095+05:30  INFO 18460 --- [Module-4-Prod-Ready_features] [restartedMain] .S.M.Module4ProdReadyFeaturesApplication : Starting Module4ProdReadyFeaturesApplication using Java 23.0.2 with PID 18460 (D:\Coding-Shuttle-Springboot-Cohort-5.0\Module-4-Prod-Ready_features\target\classes started by DELL in D:\Coding-Shuttle-Springboot-Cohort-5.0\Module-4-Prod-Ready_features)
2026-06-05T10:23:05.100+05:30  INFO 18460 --- [Module-4-Prod-Ready_features] [restartedMain] .S.M.Module4ProdReadyFeaturesApplication : No active profile set, falling back to 1 default profile: "default"
2026-06-05T10:23:05.201+05:30  INFO 18460 --- [Module-4-Prod-Ready_features] [restartedMain] .e.DevToolsPropertyDefaultsPostProcessor : Devtools property defaults active! Set 'spring.devtools.add-properties' to 'false' to disable
2026-06-05T10:23:05.201+05:30  INFO 18460 --- [Module-4-Prod-Ready_features] [restartedMain] .e.DevToolsPropertyDefaultsPostProcessor : For additional web related logging consider setting the 'logging.level.web' property to 'DEBUG'
2026-06-05T10:23:06.551+05:30  INFO 18460 --- [Module-4-Prod-Ready_features] [restartedMain] .s.d.r.c.RepositoryConfigurationDelegate : Bootstrapping Spring Data JPA repositories in DEFAULT mode.
2026-06-05T10:23:06.628+05:30  INFO 18460 --- [Module-4-Prod-Ready_features] [restartedMain] .s.d.r.c.RepositoryConfigurationDelegate : Finished Spring Data repository scanning in 61 ms. Found 1 JPA repository interface.
2026-06-05T10:23:07.714+05:30  INFO 18460 --- [Module-4-Prod-Ready_features] [restartedMain] o.s.boot.tomcat.TomcatWebServer          : Tomcat initialized with port 8080 (http)
2026-06-05T10:23:07.734+05:30  INFO 18460 --- [Module-4-Prod-Ready_features] [restartedMain] o.apache.catalina.core.StandardService   : Starting service [Tomcat]
2026-06-05T10:23:07.735+05:30  INFO 18460 --- [Module-4-Prod-Ready_features] [restartedMain] o.apache.catalina.core.StandardEngine    : Starting Servlet engine: [Apache Tomcat/11.0.21]
2026-06-05T10:23:07.821+05:30  INFO 18460 --- [Module-4-Prod-Ready_features] [restartedMain] b.w.c.s.WebApplicationContextInitializer : Root WebApplicationContext: initialization completed in 2618 ms
2026-06-05T10:23:08.242+05:30  INFO 18460 --- [Module-4-Prod-Ready_features] [restartedMain] org.hibernate.orm.jpa                    : HHH008540: Processing PersistenceUnitInfo [name: default]
2026-06-05T10:23:08.378+05:30  INFO 18460 --- [Module-4-Prod-Ready_features] [restartedMain] org.hibernate.orm.core                   : HHH000001: Hibernate ORM core version 7.2.12.Final
2026-06-05T10:23:08.830+05:30  INFO 18460 --- [Module-4-Prod-Ready_features] [restartedMain] o.h.e.boot.internal.EnversServiceImpl    : Envers integration enabled? : true
2026-06-05T10:23:09.123+05:30  INFO 18460 --- [Module-4-Prod-Ready_features] [restartedMain] o.s.o.j.p.SpringPersistenceUnitInfo      : No LoadTimeWeaver setup: ignoring JPA class transformer
2026-06-05T10:23:09.179+05:30  INFO 18460 --- [Module-4-Prod-Ready_features] [restartedMain] com.zaxxer.hikari.HikariDataSource       : HikariPool-1 - Starting...
2026-06-05T10:23:09.503+05:30  INFO 18460 --- [Module-4-Prod-Ready_features] [restartedMain] com.zaxxer.hikari.pool.HikariPool        : HikariPool-1 - Added connection org.postgresql.jdbc.PgConnection@46a370d
2026-06-05T10:23:09.506+05:30  INFO 18460 --- [Module-4-Prod-Ready_features] [restartedMain] com.zaxxer.hikari.HikariDataSource       : HikariPool-1 - Start completed.
2026-06-05T10:23:09.584+05:30  WARN 18460 --- [Module-4-Prod-Ready_features] [restartedMain] org.hibernate.orm.deprecation            : HHH90000025: PostgreSQLDialect does not need to be specified explicitly using 'hibernate.dialect' (remove the property setting and it will be selected by default)
2026-06-05T10:23:09.635+05:30  INFO 18460 --- [Module-4-Prod-Ready_features] [restartedMain] org.hibernate.orm.connections.pooling    : HHH10001005: Database info:
	Database JDBC URL [jdbc:postgresql://localhost:5432/prodreadyfeatures]
	Database driver: PostgreSQL JDBC Driver
	Database dialect: PostgreSQLDialect
	Database version: 18.1
	Default catalog/schema: prodreadyfeatures/public
	Autocommit mode: undefined/unknown
	Isolation level: READ_COMMITTED [default READ_COMMITTED]
	JDBC fetch size: none
	Pool: DataSourceConnectionProvider
	Minimum pool size: undefined/unknown
	Maximum pool size: undefined/unknown
2026-06-05T10:23:09.972+05:30  INFO 18460 --- [Module-4-Prod-Ready_features] [restartedMain] o.h.e.c.i.m.AuditMetadataGenerator       : Adding properties for entity: com.Soham.Module_4_Prod_Ready_features.Entities.PostEntity
2026-06-05T10:23:11.108+05:30  INFO 18460 --- [Module-4-Prod-Ready_features] [restartedMain] org.hibernate.orm.core                   : HHH000489: No JTA platform available (set 'hibernate.transaction.jta.platform' to enable JTA platform integration)
2026-06-05T10:23:11.237+05:30  INFO 18460 --- [Module-4-Prod-Ready_features] [restartedMain] j.LocalContainerEntityManagerFactoryBean : Initialized JPA EntityManagerFactory for persistence unit 'default'
2026-06-05T10:23:11.385+05:30  INFO 18460 --- [Module-4-Prod-Ready_features] [restartedMain] o.s.d.j.r.query.QueryEnhancerFactories   : Hibernate is in classpath; If applicable, HQL parser will be used.
2026-06-05T10:23:11.746+05:30  WARN 18460 --- [Module-4-Prod-Ready_features] [restartedMain] JpaBaseConfiguration$JpaWebConfiguration : spring.jpa.open-in-view is enabled by default. Therefore, database queries may be performed during view rendering. Explicitly configure spring.jpa.open-in-view to disable this warning
2026-06-05T10:23:11.798+05:30  INFO 18460 --- [Module-4-Prod-Ready_features] [restartedMain] o.s.v.b.OptionalValidatorFactoryBean     : Failed to set up a Bean Validation provider: jakarta.validation.NoProviderFoundException: Unable to create a Configuration, because no Jakarta Validation provider could be found. Add a provider like Hibernate Validator (RI) to your classpath.
2026-06-05T10:23:12.591+05:30  INFO 18460 --- [Module-4-Prod-Ready_features] [restartedMain] o.s.b.a.e.web.EndpointLinksResolver      : Exposing 13 endpoints beneath base path '/actuator'
2026-06-05T10:23:12.718+05:30  INFO 18460 --- [Module-4-Prod-Ready_features] [restartedMain] o.s.boot.tomcat.TomcatWebServer          : Tomcat started on port 8080 (http) with context path '/'
2026-06-05T10:23:12.729+05:30  INFO 18460 --- [Module-4-Prod-Ready_features] [restartedMain] .S.M.Module4ProdReadyFeaturesApplication : Started Module4ProdReadyFeaturesApplication in 8.329 seconds (process running for 9.157)
2026-06-05T10:23:36.976+05:30  INFO 18460 --- [Module-4-Prod-Ready_features] [http-nio-8080-exec-1] o.a.c.c.C.[Tomcat].[localhost].[/]       : Initializing Spring DispatcherServlet 'dispatcherServlet'
2026-06-05T10:23:36.977+05:30  INFO 18460 --- [Module-4-Prod-Ready_features] [http-nio-8080-exec-1] o.s.web.servlet.DispatcherServlet        : Initializing Servlet 'dispatcherServlet'
2026-06-05T10:23:36.979+05:30  INFO 18460 --- [Module-4-Prod-Ready_features] [http-nio-8080-exec-1] o.s.web.servlet.DispatcherServlet        : Completed initialization in 2 ms
2026-06-05T10:23:45.434+05:30 ERROR 18460 --- [Module-4-Prod-Ready_features] [http-nio-8080-exec-2] o.a.c.c.C.[.[.[/].[dispatcherServlet]    : Servlet.service() for servlet [dispatcherServlet] in context with path [] threw exception [Handler dispatch failed: java.lang.NoSuchMethodError: 'void org.springframework.web.method.ControllerAdviceBean.<init>(java.lang.Object)'] with root cause

java.lang.NoSuchMethodError: 'void org.springframework.web.method.ControllerAdviceBean.<init>(java.lang.Object)'
	at org.springdoc.core.service.GenericResponseService.lambda$getGenericMapResponse$8(GenericResponseService.java:700) ~[springdoc-openapi-starter-common-2.2.0.jar:2.2.0]
	at java.base/java.util.stream.ReferencePipeline$2$1.accept(ReferencePipeline.java:196) ~[na:na]
	at java.base/java.util.Spliterators$ArraySpliterator.forEachRemaining(Spliterators.java:1024) ~[na:na]
	at java.base/java.util.stream.AbstractPipeline.copyInto(AbstractPipeline.java:570) ~[na:na]
	at java.base/java.util.stream.AbstractPipeline.wrapAndCopyInto(AbstractPipeline.java:560) ~[na:na]
	at java.base/java.util.stream.AbstractPipeline.evaluate(AbstractPipeline.java:636) ~[na:na]
	at java.base/java.util.stream.AbstractPipeline.evaluateToArrayNode(AbstractPipeline.java:291) ~[na:na]
	at java.base/java.util.stream.ReferencePipeline.toArray(ReferencePipeline.java:656) ~[na:na]
	at java.base/java.util.stream.ReferencePipeline.toArray(ReferencePipeline.java:662) ~[na:na]
	at java.base/java.util.stream.ReferencePipeline.toList(ReferencePipeline.java:667) ~[na:na]
	at org.springdoc.core.service.GenericResponseService.getGenericMapResponse(GenericResponseService.java:702) ~[springdoc-openapi-starter-common-2.2.0.jar:2.2.0]
	at org.springdoc.core.service.GenericResponseService.build(GenericResponseService.java:245) ~[springdoc-openapi-starter-common-2.2.0.jar:2.2.0]
	at org.springdoc.api.AbstractOpenApiResource.calculatePath(AbstractOpenApiResource.java:496) ~[springdoc-openapi-starter-common-2.2.0.jar:2.2.0]
	at org.springdoc.api.AbstractOpenApiResource.calculatePath(AbstractOpenApiResource.java:673) ~[springdoc-openapi-starter-common-2.2.0.jar:2.2.0]
	at org.springdoc.webmvc.api.OpenApiResource.lambda$calculatePath$11(OpenApiResource.java:219) ~[springdoc-openapi-starter-webmvc-api-2.2.0.jar:2.2.0]
	at java.base/java.util.Optional.ifPresent(Optional.java:178) ~[na:na]
	at org.springdoc.webmvc.api.OpenApiResource.calculatePath(OpenApiResource.java:200) ~[springdoc-openapi-starter-webmvc-api-2.2.0.jar:2.2.0]
	at org.springdoc.webmvc.api.OpenApiResource.lambda$getPaths$2(OpenApiResource.java:170) ~[springdoc-openapi-starter-webmvc-api-2.2.0.jar:2.2.0]
	at java.base/java.util.Optional.ifPresent(Optional.java:178) ~[na:na]
	at org.springdoc.webmvc.api.OpenApiResource.getPaths(OpenApiResource.java:149) ~[springdoc-openapi-starter-webmvc-api-2.2.0.jar:2.2.0]
	at org.springdoc.api.AbstractOpenApiResource.getOpenApi(AbstractOpenApiResource.java:350) ~[springdoc-openapi-starter-common-2.2.0.jar:2.2.0]
	at org.springdoc.webmvc.api.OpenApiResource.openapiJson(OpenApiResource.java:124) ~[springdoc-openapi-starter-webmvc-api-2.2.0.jar:2.2.0]
	at org.springdoc.webmvc.api.OpenApiWebMvcResource.openapiJson(OpenApiWebMvcResource.java:111) ~[springdoc-openapi-starter-webmvc-api-2.2.0.jar:2.2.0]
	at java.base/jdk.internal.reflect.DirectMethodHandleAccessor.invoke(DirectMethodHandleAccessor.java:103) ~[na:na]
	at java.base/java.lang.reflect.Method.invoke(Method.java:580) ~[na:na]
	at org.springframework.web.method.support.InvocableHandlerMethod.doInvoke(InvocableHandlerMethod.java:252) ~[spring-web-7.0.7.jar:7.0.7]
	at org.springframework.web.method.support.InvocableHandlerMethod.invokeForRequest(InvocableHandlerMethod.java:184) ~[spring-web-7.0.7.jar:7.0.7]
	at org.springframework.web.servlet.mvc.method.annotation.ServletInvocableHandlerMethod.invokeAndHandle(ServletInvocableHandlerMethod.java:117) ~[spring-webmvc-7.0.7.jar:7.0.7]
	at org.springframework.web.servlet.mvc.method.annotation.RequestMappingHandlerAdapter.invokeHandlerMethod(RequestMappingHandlerAdapter.java:934) ~[spring-webmvc-7.0.7.jar:7.0.7]
	at org.springframework.web.servlet.mvc.method.annotation.RequestMappingHandlerAdapter.handleInternal(RequestMappingHandlerAdapter.java:853) ~[spring-webmvc-7.0.7.jar:7.0.7]
	at org.springframework.web.servlet.mvc.method.AbstractHandlerMethodAdapter.handle(AbstractHandlerMethodAdapter.java:86) ~[spring-webmvc-7.0.7.jar:7.0.7]
	at org.springframework.web.servlet.DispatcherServlet.doDispatch(DispatcherServlet.java:963) ~[spring-webmvc-7.0.7.jar:7.0.7]
	at org.springframework.web.servlet.DispatcherServlet.doService(DispatcherServlet.java:866) ~[spring-webmvc-7.0.7.jar:7.0.7]
	at org.springframework.web.servlet.FrameworkServlet.processRequest(FrameworkServlet.java:1000) ~[spring-webmvc-7.0.7.jar:7.0.7]
	at org.springframework.web.servlet.FrameworkServlet.doGet(FrameworkServlet.java:892) ~[spring-webmvc-7.0.7.jar:7.0.7]
	at jakarta.servlet.http.HttpServlet.service(HttpServlet.java:622) ~[tomcat-embed-core-11.0.21.jar:6.1]
	at org.springframework.web.servlet.FrameworkServlet.service(FrameworkServlet.java:874) ~[spring-webmvc-7.0.7.jar:7.0.7]
	at jakarta.servlet.http.HttpServlet.service(HttpServlet.java:710) ~[tomcat-embed-core-11.0.21.jar:6.1]
	at org.apache.catalina.core.ApplicationFilterChain.doFilter(ApplicationFilterChain.java:128) ~[tomcat-embed-core-11.0.21.jar:11.0.21]
	at org.apache.tomcat.websocket.server.WsFilter.doFilter(WsFilter.java:53) ~[tomcat-embed-websocket-11.0.21.jar:11.0.21]
	at org.apache.catalina.core.ApplicationFilterChain.doFilter(ApplicationFilterChain.java:107) ~[tomcat-embed-core-11.0.21.jar:11.0.21]
	at org.springframework.web.filter.RequestContextFilter.doFilterInternal(RequestContextFilter.java:100) ~[spring-web-7.0.7.jar:7.0.7]
	at org.springframework.web.filter.OncePerRequestFilter.doFilter(OncePerRequestFilter.java:116) ~[spring-web-7.0.7.jar:7.0.7]
	at org.apache.catalina.core.ApplicationFilterChain.doFilter(ApplicationFilterChain.java:107) ~[tomcat-embed-core-11.0.21.jar:11.0.21]
	at org.springframework.web.filter.FormContentFilter.doFilterInternal(FormContentFilter.java:93) ~[spring-web-7.0.7.jar:7.0.7]
	at org.springframework.web.filter.OncePerRequestFilter.doFilter(OncePerRequestFilter.java:116) ~[spring-web-7.0.7.jar:7.0.7]
	at org.apache.catalina.core.ApplicationFilterChain.doFilter(ApplicationFilterChain.java:107) ~[tomcat-embed-core-11.0.21.jar:11.0.21]
	at org.springframework.web.filter.ServerHttpObservationFilter.doFilterInternal(ServerHttpObservationFilter.java:110) ~[spring-web-7.0.7.jar:7.0.7]
	at org.springframework.web.filter.OncePerRequestFilter.doFilter(OncePerRequestFilter.java:116) ~[spring-web-7.0.7.jar:7.0.7]
	at org.apache.catalina.core.ApplicationFilterChain.doFilter(ApplicationFilterChain.java:107) ~[tomcat-embed-core-11.0.21.jar:11.0.21]
	at org.springframework.web.filter.CharacterEncodingFilter.doFilterInternal(CharacterEncodingFilter.java:199) ~[spring-web-7.0.7.jar:7.0.7]
	at org.springframework.web.filter.OncePerRequestFilter.doFilter(OncePerRequestFilter.java:116) ~[spring-web-7.0.7.jar:7.0.7]
	at org.apache.catalina.core.ApplicationFilterChain.doFilter(ApplicationFilterChain.java:107) ~[tomcat-embed-core-11.0.21.jar:11.0.21]
	at org.apache.catalina.core.StandardWrapperValve.invoke(StandardWrapperValve.java:165) ~[tomcat-embed-core-11.0.21.jar:11.0.21]
	at org.apache.catalina.core.StandardContextValve.invoke(StandardContextValve.java:77) ~[tomcat-embed-core-11.0.21.jar:11.0.21]
	at org.apache.catalina.authenticator.AuthenticatorBase.invoke(AuthenticatorBase.java:492) ~[tomcat-embed-core-11.0.21.jar:11.0.21]
	at org.apache.catalina.core.StandardHostValve.invoke(StandardHostValve.java:113) ~[tomcat-embed-core-11.0.21.jar:11.0.21]
	at org.apache.catalina.valves.ErrorReportValve.invoke(ErrorReportValve.java:83) ~[tomcat-embed-core-11.0.21.jar:11.0.21]
	at org.apache.catalina.core.StandardEngineValve.invoke(StandardEngineValve.java:72) ~[tomcat-embed-core-11.0.21.jar:11.0.21]
	at org.apache.catalina.connector.CoyoteAdapter.service(CoyoteAdapter.java:341) ~[tomcat-embed-core-11.0.21.jar:11.0.21]
	at org.apache.coyote.http11.Http11Processor.service(Http11Processor.java:397) ~[tomcat-embed-core-11.0.21.jar:11.0.21]
	at org.apache.coyote.AbstractProcessorLight.process(AbstractProcessorLight.java:63) ~[tomcat-embed-core-11.0.21.jar:11.0.21]
	at org.apache.coyote.AbstractProtocol$ConnectionHandler.process(AbstractProtocol.java:903) ~[tomcat-embed-core-11.0.21.jar:11.0.21]
	at org.apache.tomcat.util.net.NioEndpoint$SocketProcessor.doRun(NioEndpoint.java:1801) ~[tomcat-embed-core-11.0.21.jar:11.0.21]
	at org.apache.tomcat.util.net.SocketProcessorBase.run(SocketProcessorBase.java:52) ~[tomcat-embed-core-11.0.21.jar:11.0.21]
	at org.apache.tomcat.util.threads.ThreadPoolExecutor.runWorker(ThreadPoolExecutor.java:946) ~[tomcat-embed-core-11.0.21.jar:11.0.21]
	at org.apache.tomcat.util.threads.ThreadPoolExecutor$Worker.run(ThreadPoolExecutor.java:480) ~[tomcat-embed-core-11.0.21.jar:11.0.21]
	at org.apache.tomcat.util.threads.TaskThread$WrappingRunnable.run(TaskThread.java:57) ~[tomcat-embed-core-11.0.21.jar:11.0.21]
	at java.base/java.lang.Thread.run(Thread.java:1575) ~[na:na]

2026-06-05T10:25:17.286+05:30  INFO 18460 --- [Module-4-Prod-Ready_features] [SpringApplicationShutdownHook] o.s.boot.tomcat.GracefulShutdown         : Commencing graceful shutdown. Waiting for active requests to complete
2026-06-05T10:25:17.293+05:30  INFO 18460 --- [Module-4-Prod-Ready_features] [tomcat-shutdown] o.s.boot.tomcat.GracefulShutdown         : Graceful shutdown complete
2026-06-05T10:25:17.301+05:30  INFO 18460 --- [Module-4-Prod-Ready_features] [SpringApplicationShutdownHook] j.LocalContainerEntityManagerFactoryBean : Closing JPA EntityManagerFactory for persistence unit 'default'
2026-06-05T10:25:17.308+05:30  INFO 18460 --- [Module-4-Prod-Ready_features] [SpringApplicationShutdownHook] com.zaxxer.hikari.HikariDataSource       : HikariPool-1 - Shutdown initiated...
2026-06-05T10:25:17.314+05:30  INFO 18460 --- [Module-4-Prod-Ready_features] [SpringApplicationShutdownHook] com.zaxxer.hikari.HikariDataSource       : HikariPool-1 - Shutdown completed.
2026-06-05T10:25:26.161+05:30  INFO 3600 --- [Module-4-Prod-Ready_features] [restartedMain] .S.M.Module4ProdReadyFeaturesApplication : Starting Module4ProdReadyFeaturesApplication using Java 23.0.2 with PID 3600 (D:\Coding-Shuttle-Springboot-Cohort-5.0\Module-4-Prod-Ready_features\target\classes started by DELL in D:\Coding-Shuttle-Springboot-Cohort-5.0\Module-4-Prod-Ready_features)
2026-06-05T10:25:26.167+05:30  INFO 3600 --- [Module-4-Prod-Ready_features] [restartedMain] .S.M.Module4ProdReadyFeaturesApplication : No active profile set, falling back to 1 default profile: "default"
2026-06-05T10:25:26.266+05:30  INFO 3600 --- [Module-4-Prod-Ready_features] [restartedMain] .e.DevToolsPropertyDefaultsPostProcessor : Devtools property defaults active! Set 'spring.devtools.add-properties' to 'false' to disable
2026-06-05T10:25:26.266+05:30  INFO 3600 --- [Module-4-Prod-Ready_features] [restartedMain] .e.DevToolsPropertyDefaultsPostProcessor : For additional web related logging consider setting the 'logging.level.web' property to 'DEBUG'
2026-06-05T10:25:27.891+05:30  INFO 3600 --- [Module-4-Prod-Ready_features] [restartedMain] .s.d.r.c.RepositoryConfigurationDelegate : Bootstrapping Spring Data JPA repositories in DEFAULT mode.
2026-06-05T10:25:27.976+05:30  INFO 3600 --- [Module-4-Prod-Ready_features] [restartedMain] .s.d.r.c.RepositoryConfigurationDelegate : Finished Spring Data repository scanning in 71 ms. Found 1 JPA repository interface.
2026-06-05T10:25:29.255+05:30  INFO 3600 --- [Module-4-Prod-Ready_features] [restartedMain] o.s.boot.tomcat.TomcatWebServer          : Tomcat initialized with port 8080 (http)
2026-06-05T10:25:29.277+05:30  INFO 3600 --- [Module-4-Prod-Ready_features] [restartedMain] o.apache.catalina.core.StandardService   : Starting service [Tomcat]
2026-06-05T10:25:29.279+05:30  INFO 3600 --- [Module-4-Prod-Ready_features] [restartedMain] o.apache.catalina.core.StandardEngine    : Starting Servlet engine: [Apache Tomcat/11.0.21]
2026-06-05T10:25:29.381+05:30  INFO 3600 --- [Module-4-Prod-Ready_features] [restartedMain] b.w.c.s.WebApplicationContextInitializer : Root WebApplicationContext: initialization completed in 3113 ms
2026-06-05T10:25:29.832+05:30  INFO 3600 --- [Module-4-Prod-Ready_features] [restartedMain] org.hibernate.orm.jpa                    : HHH008540: Processing PersistenceUnitInfo [name: default]
2026-06-05T10:25:29.931+05:30  INFO 3600 --- [Module-4-Prod-Ready_features] [restartedMain] org.hibernate.orm.core                   : HHH000001: Hibernate ORM core version 7.2.12.Final
2026-06-05T10:25:30.377+05:30  INFO 3600 --- [Module-4-Prod-Ready_features] [restartedMain] o.h.e.boot.internal.EnversServiceImpl    : Envers integration enabled? : true
2026-06-05T10:25:30.672+05:30  INFO 3600 --- [Module-4-Prod-Ready_features] [restartedMain] o.s.o.j.p.SpringPersistenceUnitInfo      : No LoadTimeWeaver setup: ignoring JPA class transformer
2026-06-05T10:25:30.722+05:30  INFO 3600 --- [Module-4-Prod-Ready_features] [restartedMain] com.zaxxer.hikari.HikariDataSource       : HikariPool-1 - Starting...
2026-06-05T10:25:31.007+05:30  INFO 3600 --- [Module-4-Prod-Ready_features] [restartedMain] com.zaxxer.hikari.pool.HikariPool        : HikariPool-1 - Added connection org.postgresql.jdbc.PgConnection@345b8f97
2026-06-05T10:25:31.010+05:30  INFO 3600 --- [Module-4-Prod-Ready_features] [restartedMain] com.zaxxer.hikari.HikariDataSource       : HikariPool-1 - Start completed.
2026-06-05T10:25:31.077+05:30  WARN 3600 --- [Module-4-Prod-Ready_features] [restartedMain] org.hibernate.orm.deprecation            : HHH90000025: PostgreSQLDialect does not need to be specified explicitly using 'hibernate.dialect' (remove the property setting and it will be selected by default)
2026-06-05T10:25:31.120+05:30  INFO 3600 --- [Module-4-Prod-Ready_features] [restartedMain] org.hibernate.orm.connections.pooling    : HHH10001005: Database info:
	Database JDBC URL [jdbc:postgresql://localhost:5432/prodreadyfeatures]
	Database driver: PostgreSQL JDBC Driver
	Database dialect: PostgreSQLDialect
	Database version: 18.1
	Default catalog/schema: prodreadyfeatures/public
	Autocommit mode: undefined/unknown
	Isolation level: READ_COMMITTED [default READ_COMMITTED]
	JDBC fetch size: none
	Pool: DataSourceConnectionProvider
	Minimum pool size: undefined/unknown
	Maximum pool size: undefined/unknown
2026-06-05T10:25:31.457+05:30  INFO 3600 --- [Module-4-Prod-Ready_features] [restartedMain] o.h.e.c.i.m.AuditMetadataGenerator       : Adding properties for entity: com.Soham.Module_4_Prod_Ready_features.Entities.PostEntity
2026-06-05T10:25:32.660+05:30  INFO 3600 --- [Module-4-Prod-Ready_features] [restartedMain] org.hibernate.orm.core                   : HHH000489: No JTA platform available (set 'hibernate.transaction.jta.platform' to enable JTA platform integration)
2026-06-05T10:25:32.760+05:30  INFO 3600 --- [Module-4-Prod-Ready_features] [restartedMain] j.LocalContainerEntityManagerFactoryBean : Initialized JPA EntityManagerFactory for persistence unit 'default'
2026-06-05T10:25:32.907+05:30  INFO 3600 --- [Module-4-Prod-Ready_features] [restartedMain] o.s.d.j.r.query.QueryEnhancerFactories   : Hibernate is in classpath; If applicable, HQL parser will be used.
2026-06-05T10:25:33.300+05:30  WARN 3600 --- [Module-4-Prod-Ready_features] [restartedMain] JpaBaseConfiguration$JpaWebConfiguration : spring.jpa.open-in-view is enabled by default. Therefore, database queries may be performed during view rendering. Explicitly configure spring.jpa.open-in-view to disable this warning
2026-06-05T10:25:34.214+05:30  INFO 3600 --- [Module-4-Prod-Ready_features] [restartedMain] o.s.b.a.e.web.EndpointLinksResolver      : Exposing 13 endpoints beneath base path '/actuator'
2026-06-05T10:25:34.350+05:30  INFO 3600 --- [Module-4-Prod-Ready_features] [restartedMain] o.s.boot.tomcat.TomcatWebServer          : Tomcat started on port 8080 (http) with context path '/'
2026-06-05T10:25:34.365+05:30  INFO 3600 --- [Module-4-Prod-Ready_features] [restartedMain] .S.M.Module4ProdReadyFeaturesApplication : Started Module4ProdReadyFeaturesApplication in 8.899 seconds (process running for 9.768)
2026-06-05T10:25:37.161+05:30  INFO 3600 --- [Module-4-Prod-Ready_features] [http-nio-8080-exec-1] o.a.c.c.C.[Tomcat].[localhost].[/]       : Initializing Spring DispatcherServlet 'dispatcherServlet'
2026-06-05T10:25:37.161+05:30  INFO 3600 --- [Module-4-Prod-Ready_features] [http-nio-8080-exec-1] o.s.web.servlet.DispatcherServlet        : Initializing Servlet 'dispatcherServlet'
2026-06-05T10:25:37.164+05:30  INFO 3600 --- [Module-4-Prod-Ready_features] [http-nio-8080-exec-1] o.s.web.servlet.DispatcherServlet        : Completed initialization in 3 ms
2026-06-05T10:25:37.940+05:30  INFO 3600 --- [Module-4-Prod-Ready_features] [http-nio-8080-exec-9] o.springdoc.api.AbstractOpenApiResource  : Init duration for springdoc-openapi is: 340 ms
2026-06-05T10:26:35.880+05:30 ERROR 3600 --- [Module-4-Prod-Ready_features] [http-nio-8080-exec-10] o.a.c.c.C.[.[.[/].[dispatcherServlet]    : Servlet.service() for servlet [dispatcherServlet] in context with path [] threw exception [Request processing failed: org.springframework.orm.ObjectOptimisticLockingFailureException: Row was already updated or deleted by another transaction for entity [com.Soham.Module_4_Prod_Ready_features.Entities.PostEntity with id '0']] with root cause

org.hibernate.StaleObjectStateException: Row was already updated or deleted by another transaction for entity [com.Soham.Module_4_Prod_Ready_features.Entities.PostEntity with id '0']
	at org.hibernate.event.internal.DefaultMergeEventListener.entityIsDetached(DefaultMergeEventListener.java:431) ~[hibernate-core-7.2.12.Final.jar:7.2.12.Final]
	at org.hibernate.event.internal.DefaultMergeEventListener.merge(DefaultMergeEventListener.java:192) ~[hibernate-core-7.2.12.Final.jar:7.2.12.Final]
	at org.hibernate.event.internal.DefaultMergeEventListener.doMerge(DefaultMergeEventListener.java:136) ~[hibernate-core-7.2.12.Final.jar:7.2.12.Final]
	at org.hibernate.event.internal.DefaultMergeEventListener.onMerge(DefaultMergeEventListener.java:120) ~[hibernate-core-7.2.12.Final.jar:7.2.12.Final]
	at org.hibernate.event.internal.DefaultMergeEventListener.onMerge(DefaultMergeEventListener.java:77) ~[hibernate-core-7.2.12.Final.jar:7.2.12.Final]
	at org.hibernate.event.service.internal.EventListenerGroupImpl.fireEventOnEachListener(EventListenerGroupImpl.java:138) ~[hibernate-core-7.2.12.Final.jar:7.2.12.Final]
	at org.hibernate.internal.SessionImpl.fireMerge(SessionImpl.java:800) ~[hibernate-core-7.2.12.Final.jar:7.2.12.Final]
	at org.hibernate.internal.SessionImpl.merge(SessionImpl.java:785) ~[hibernate-core-7.2.12.Final.jar:7.2.12.Final]
	at java.base/jdk.internal.reflect.DirectMethodHandleAccessor.invoke(DirectMethodHandleAccessor.java:103) ~[na:na]
	at java.base/java.lang.reflect.Method.invoke(Method.java:580) ~[na:na]
	at org.springframework.orm.jpa.ExtendedEntityManagerCreator$ExtendedEntityManagerInvocationHandler.invoke(ExtendedEntityManagerCreator.java:362) ~[spring-orm-7.0.7.jar:7.0.7]
	at jdk.proxy4/jdk.proxy4.$Proxy158.merge(Unknown Source) ~[na:na]
	at java.base/jdk.internal.reflect.DirectMethodHandleAccessor.invoke(DirectMethodHandleAccessor.java:103) ~[na:na]
	at java.base/java.lang.reflect.Method.invoke(Method.java:580) ~[na:na]
	at org.springframework.orm.jpa.SharedEntityManagerCreator$SharedEntityHandlerInvocationHandler.invokeMethod(SharedEntityManagerCreator.java:240) ~[spring-orm-7.0.7.jar:7.0.7]
	at org.springframework.orm.jpa.SharedEntityManagerCreator$SharedEntityManagerInvocationHandler.invoke(SharedEntityManagerCreator.java:386) ~[spring-orm-7.0.7.jar:7.0.7]
	at jdk.proxy4/jdk.proxy4.$Proxy158.merge(Unknown Source) ~[na:na]
	at org.springframework.data.jpa.repository.support.SimpleJpaRepository.save(SimpleJpaRepository.java:667) ~[spring-data-jpa-4.0.5.jar:4.0.5]
	at java.base/jdk.internal.reflect.DirectMethodHandleAccessor.invoke(DirectMethodHandleAccessor.java:103) ~[na:na]
	at java.base/java.lang.reflect.Method.invoke(Method.java:580) ~[na:na]
	at org.springframework.aop.support.AopUtils.invokeJoinpointUsingReflection(AopUtils.java:359) ~[spring-aop-7.0.7.jar:7.0.7]
	at org.springframework.data.repository.core.support.RepositoryMethodInvoker$RepositoryFragmentMethodInvoker.lambda$new$0(RepositoryMethodInvoker.java:278) ~[spring-data-commons-4.0.5.jar:4.0.5]
	at org.springframework.data.repository.core.support.RepositoryMethodInvoker.doInvoke(RepositoryMethodInvoker.java:169) ~[spring-data-commons-4.0.5.jar:4.0.5]
	at org.springframework.data.repository.core.support.RepositoryMethodInvoker.invoke(RepositoryMethodInvoker.java:158) ~[spring-data-commons-4.0.5.jar:4.0.5]
	at org.springframework.data.repository.core.support.RepositoryComposition$RepositoryFragments.invoke(RepositoryComposition.java:545) ~[spring-data-commons-4.0.5.jar:4.0.5]
	at org.springframework.data.repository.core.support.RepositoryComposition.invoke(RepositoryComposition.java:290) ~[spring-data-commons-4.0.5.jar:4.0.5]
	at org.springframework.data.repository.core.support.RepositoryFactorySupport$ImplementationMethodExecutionInterceptor.invoke(RepositoryFactorySupport.java:690) ~[spring-data-commons-4.0.5.jar:4.0.5]
	at org.springframework.aop.framework.ReflectiveMethodInvocation.proceed(ReflectiveMethodInvocation.java:179) ~[spring-aop-7.0.7.jar:7.0.7]
	at org.springframework.data.repository.core.support.QueryExecutorMethodInterceptor.doInvoke(QueryExecutorMethodInterceptor.java:171) ~[spring-data-commons-4.0.5.jar:4.0.5]
	at org.springframework.data.repository.core.support.QueryExecutorMethodInterceptor.invoke(QueryExecutorMethodInterceptor.java:146) ~[spring-data-commons-4.0.5.jar:4.0.5]
	at org.springframework.aop.framework.ReflectiveMethodInvocation.proceed(ReflectiveMethodInvocation.java:179) ~[spring-aop-7.0.7.jar:7.0.7]
	at org.springframework.data.projection.DefaultMethodInvokingMethodInterceptor.invoke(DefaultMethodInvokingMethodInterceptor.java:69) ~[spring-data-commons-4.0.5.jar:4.0.5]
	at org.springframework.aop.framework.ReflectiveMethodInvocation.proceed(ReflectiveMethodInvocation.java:179) ~[spring-aop-7.0.7.jar:7.0.7]
	at org.springframework.transaction.interceptor.TransactionInterceptor$1.proceedWithInvocation(TransactionInterceptor.java:133) ~[spring-tx-7.0.7.jar:7.0.7]
	at org.springframework.transaction.interceptor.TransactionAspectSupport.invokeWithinTransaction(TransactionAspectSupport.java:371) ~[spring-tx-7.0.7.jar:7.0.7]
	at org.springframework.transaction.interceptor.TransactionInterceptor.invoke(TransactionInterceptor.java:130) ~[spring-tx-7.0.7.jar:7.0.7]
	at org.springframework.aop.framework.ReflectiveMethodInvocation.proceed(ReflectiveMethodInvocation.java:179) ~[spring-aop-7.0.7.jar:7.0.7]
	at org.springframework.dao.support.PersistenceExceptionTranslationInterceptor.invoke(PersistenceExceptionTranslationInterceptor.java:135) ~[spring-tx-7.0.7.jar:7.0.7]
	at org.springframework.aop.framework.ReflectiveMethodInvocation.proceed(ReflectiveMethodInvocation.java:179) ~[spring-aop-7.0.7.jar:7.0.7]
	at org.springframework.data.jpa.repository.support.CrudMethodMetadataPostProcessor$CrudMethodMetadataPopulatingMethodInterceptor.invoke(CrudMethodMetadataPostProcessor.java:166) ~[spring-data-jpa-4.0.5.jar:4.0.5]
	at org.springframework.aop.framework.ReflectiveMethodInvocation.proceed(ReflectiveMethodInvocation.java:179) ~[spring-aop-7.0.7.jar:7.0.7]
	at org.springframework.aop.framework.JdkDynamicAopProxy.invoke(JdkDynamicAopProxy.java:222) ~[spring-aop-7.0.7.jar:7.0.7]
	at jdk.proxy4/jdk.proxy4.$Proxy164.save(Unknown Source) ~[na:na]
	at com.Soham.Module_4_Prod_Ready_features.Services.PostService.createNewPost(PostService.java:34) ~[classes/:na]
	at com.Soham.Module_4_Prod_Ready_features.Controllers.PostController.createNewPost(PostController.java:29) ~[classes/:na]
	at java.base/jdk.internal.reflect.DirectMethodHandleAccessor.invoke(DirectMethodHandleAccessor.java:103) ~[na:na]
	at java.base/java.lang.reflect.Method.invoke(Method.java:580) ~[na:na]
	at org.springframework.web.method.support.InvocableHandlerMethod.doInvoke(InvocableHandlerMethod.java:252) ~[spring-web-7.0.7.jar:7.0.7]
	at org.springframework.web.method.support.InvocableHandlerMethod.invokeForRequest(InvocableHandlerMethod.java:184) ~[spring-web-7.0.7.jar:7.0.7]
	at org.springframework.web.servlet.mvc.method.annotation.ServletInvocableHandlerMethod.invokeAndHandle(ServletInvocableHandlerMethod.java:117) ~[spring-webmvc-7.0.7.jar:7.0.7]
	at org.springframework.web.servlet.mvc.method.annotation.RequestMappingHandlerAdapter.invokeHandlerMethod(RequestMappingHandlerAdapter.java:934) ~[spring-webmvc-7.0.7.jar:7.0.7]
	at org.springframework.web.servlet.mvc.method.annotation.RequestMappingHandlerAdapter.handleInternal(RequestMappingHandlerAdapter.java:853) ~[spring-webmvc-7.0.7.jar:7.0.7]
	at org.springframework.web.servlet.mvc.method.AbstractHandlerMethodAdapter.handle(AbstractHandlerMethodAdapter.java:86) ~[spring-webmvc-7.0.7.jar:7.0.7]
	at org.springframework.web.servlet.DispatcherServlet.doDispatch(DispatcherServlet.java:963) ~[spring-webmvc-7.0.7.jar:7.0.7]
	at org.springframework.web.servlet.DispatcherServlet.doService(DispatcherServlet.java:866) ~[spring-webmvc-7.0.7.jar:7.0.7]
	at org.springframework.web.servlet.FrameworkServlet.processRequest(FrameworkServlet.java:1000) ~[spring-webmvc-7.0.7.jar:7.0.7]
	at org.springframework.web.servlet.FrameworkServlet.doPost(FrameworkServlet.java:903) ~[spring-webmvc-7.0.7.jar:7.0.7]
	at jakarta.servlet.http.HttpServlet.service(HttpServlet.java:649) ~[tomcat-embed-core-11.0.21.jar:6.1]
	at org.springframework.web.servlet.FrameworkServlet.service(FrameworkServlet.java:874) ~[spring-webmvc-7.0.7.jar:7.0.7]
	at jakarta.servlet.http.HttpServlet.service(HttpServlet.java:710) ~[tomcat-embed-core-11.0.21.jar:6.1]
	at org.apache.catalina.core.ApplicationFilterChain.doFilter(ApplicationFilterChain.java:128) ~[tomcat-embed-core-11.0.21.jar:11.0.21]
	at org.apache.tomcat.websocket.server.WsFilter.doFilter(WsFilter.java:53) ~[tomcat-embed-websocket-11.0.21.jar:11.0.21]
	at org.apache.catalina.core.ApplicationFilterChain.doFilter(ApplicationFilterChain.java:107) ~[tomcat-embed-core-11.0.21.jar:11.0.21]
	at org.springframework.web.filter.RequestContextFilter.doFilterInternal(RequestContextFilter.java:100) ~[spring-web-7.0.7.jar:7.0.7]
	at org.springframework.web.filter.OncePerRequestFilter.doFilter(OncePerRequestFilter.java:116) ~[spring-web-7.0.7.jar:7.0.7]
	at org.apache.catalina.core.ApplicationFilterChain.doFilter(ApplicationFilterChain.java:107) ~[tomcat-embed-core-11.0.21.jar:11.0.21]
	at org.springframework.web.filter.FormContentFilter.doFilterInternal(FormContentFilter.java:93) ~[spring-web-7.0.7.jar:7.0.7]
	at org.springframework.web.filter.OncePerRequestFilter.doFilter(OncePerRequestFilter.java:116) ~[spring-web-7.0.7.jar:7.0.7]
	at org.apache.catalina.core.ApplicationFilterChain.doFilter(ApplicationFilterChain.java:107) ~[tomcat-embed-core-11.0.21.jar:11.0.21]
	at org.springframework.web.filter.ServerHttpObservationFilter.doFilterInternal(ServerHttpObservationFilter.java:110) ~[spring-web-7.0.7.jar:7.0.7]
	at org.springframework.web.filter.OncePerRequestFilter.doFilter(OncePerRequestFilter.java:116) ~[spring-web-7.0.7.jar:7.0.7]
	at org.apache.catalina.core.ApplicationFilterChain.doFilter(ApplicationFilterChain.java:107) ~[tomcat-embed-core-11.0.21.jar:11.0.21]
	at org.springframework.web.filter.CharacterEncodingFilter.doFilterInternal(CharacterEncodingFilter.java:199) ~[spring-web-7.0.7.jar:7.0.7]
	at org.springframework.web.filter.OncePerRequestFilter.doFilter(OncePerRequestFilter.java:116) ~[spring-web-7.0.7.jar:7.0.7]
	at org.apache.catalina.core.ApplicationFilterChain.doFilter(ApplicationFilterChain.java:107) ~[tomcat-embed-core-11.0.21.jar:11.0.21]
	at org.apache.catalina.core.StandardWrapperValve.invoke(StandardWrapperValve.java:165) ~[tomcat-embed-core-11.0.21.jar:11.0.21]
	at org.apache.catalina.core.StandardContextValve.invoke(StandardContextValve.java:77) ~[tomcat-embed-core-11.0.21.jar:11.0.21]
	at org.apache.catalina.authenticator.AuthenticatorBase.invoke(AuthenticatorBase.java:492) ~[tomcat-embed-core-11.0.21.jar:11.0.21]
	at org.apache.catalina.core.StandardHostValve.invoke(StandardHostValve.java:113) ~[tomcat-embed-core-11.0.21.jar:11.0.21]
	at org.apache.catalina.valves.ErrorReportValve.invoke(ErrorReportValve.java:83) ~[tomcat-embed-core-11.0.21.jar:11.0.21]
	at org.apache.catalina.core.StandardEngineValve.invoke(StandardEngineValve.java:72) ~[tomcat-embed-core-11.0.21.jar:11.0.21]
	at org.apache.catalina.connector.CoyoteAdapter.service(CoyoteAdapter.java:341) ~[tomcat-embed-core-11.0.21.jar:11.0.21]
	at org.apache.coyote.http11.Http11Processor.service(Http11Processor.java:397) ~[tomcat-embed-core-11.0.21.jar:11.0.21]
	at org.apache.coyote.AbstractProcessorLight.process(AbstractProcessorLight.java:63) ~[tomcat-embed-core-11.0.21.jar:11.0.21]
	at org.apache.coyote.AbstractProtocol$ConnectionHandler.process(AbstractProtocol.java:903) ~[tomcat-embed-core-11.0.21.jar:11.0.21]
	at org.apache.tomcat.util.net.NioEndpoint$SocketProcessor.doRun(NioEndpoint.java:1801) ~[tomcat-embed-core-11.0.21.jar:11.0.21]
	at org.apache.tomcat.util.net.SocketProcessorBase.run(SocketProcessorBase.java:52) ~[tomcat-embed-core-11.0.21.jar:11.0.21]
	at org.apache.tomcat.util.threads.ThreadPoolExecutor.runWorker(ThreadPoolExecutor.java:946) ~[tomcat-embed-core-11.0.21.jar:11.0.21]
	at org.apache.tomcat.util.threads.ThreadPoolExecutor$Worker.run(ThreadPoolExecutor.java:480) ~[tomcat-embed-core-11.0.21.jar:11.0.21]
	at org.apache.tomcat.util.threads.TaskThread$WrappingRunnable.run(TaskThread.java:57) ~[tomcat-embed-core-11.0.21.jar:11.0.21]
	at java.base/java.lang.Thread.run(Thread.java:1575) ~[na:na]

